CRITICAL - 2024-11-12 03:59:52 --> ErrorException: Undefined variable $productos
[Method: GET, Route: equipos/add/]
in APPPATH\Views\equipos\add.php on line 13.
 1 APPPATH\Views\equipos\add.php(13): CodeIgniter\Debug\Exceptions->errorHandler(2, 'Undefined variable $productos', 'D:\\xampp\\htdocs\\ligapremier\\app\\Views\\equipos\\add.php', 13)
 2 SYSTEMPATH\View\View.php(234): include('D:\\xampp\\htdocs\\ligapremier\\app\\Views\\equipos\\add.php')
 3 SYSTEMPATH\View\View.php(237): CodeIgniter\View\View->CodeIgniter\View\{closure}()
 4 SYSTEMPATH\Common.php(1171): CodeIgniter\View\View->render('equipos/add', [], true)
 5 APPPATH\Controllers\Equipo.php(22): view('equipos/add')
 6 SYSTEMPATH\CodeIgniter.php(933): App\Controllers\Equipo->add()
 7 SYSTEMPATH\CodeIgniter.php(509): CodeIgniter\CodeIgniter->runController(Object(App\Controllers\Equipo))
 8 SYSTEMPATH\CodeIgniter.php(355): CodeIgniter\CodeIgniter->handleRequest(null, Object(Config\Cache), false)
 9 SYSTEMPATH\Boot.php(325): CodeIgniter\CodeIgniter->run()
10 SYSTEMPATH\Boot.php(67): CodeIgniter\Boot::runCodeIgniter(Object(CodeIgniter\CodeIgniter))
11 FCPATH\index.php(56): CodeIgniter\Boot::bootWeb(Object(Config\Paths))
12 SYSTEMPATH\rewrite.php(44): require_once('D:\\xampp\\htdocs\\ligapremier\\public\\index.php')
CRITICAL - 2024-11-12 04:00:35 --> ErrorException: Undefined variable $entrenador
[Method: GET, Route: equipos/add/]
in APPPATH\Views\equipos\add.php on line 13.
 1 APPPATH\Views\equipos\add.php(13): CodeIgniter\Debug\Exceptions->errorHandler(2, 'Undefined variable $entrenador', 'D:\\xampp\\htdocs\\ligapremier\\app\\Views\\equipos\\add.php', 13)
 2 SYSTEMPATH\View\View.php(234): include('D:\\xampp\\htdocs\\ligapremier\\app\\Views\\equipos\\add.php')
 3 SYSTEMPATH\View\View.php(237): CodeIgniter\View\View->CodeIgniter\View\{closure}()
 4 SYSTEMPATH\Common.php(1171): CodeIgniter\View\View->render('equipos/add', [], true)
 5 APPPATH\Controllers\Equipo.php(22): view('equipos/add')
 6 SYSTEMPATH\CodeIgniter.php(933): App\Controllers\Equipo->add()
 7 SYSTEMPATH\CodeIgniter.php(509): CodeIgniter\CodeIgniter->runController(Object(App\Controllers\Equipo))
 8 SYSTEMPATH\CodeIgniter.php(355): CodeIgniter\CodeIgniter->handleRequest(null, Object(Config\Cache), false)
 9 SYSTEMPATH\Boot.php(325): CodeIgniter\CodeIgniter->run()
10 SYSTEMPATH\Boot.php(67): CodeIgniter\Boot::runCodeIgniter(Object(CodeIgniter\CodeIgniter))
11 FCPATH\index.php(56): CodeIgniter\Boot::bootWeb(Object(Config\Paths))
12 SYSTEMPATH\rewrite.php(44): require_once('D:\\xampp\\htdocs\\ligapremier\\public\\index.php')
CRITICAL - 2024-11-12 04:02:05 --> ErrorException: Undefined variable $idEntrenador
[Method: GET, Route: equipos/add/]
in APPPATH\Views\equipos\add.php on line 13.
 1 APPPATH\Views\equipos\add.php(13): CodeIgniter\Debug\Exceptions->errorHandler(2, 'Undefined variable $idEntrenador', 'D:\\xampp\\htdocs\\ligapremier\\app\\Views\\equipos\\add.php', 13)
 2 SYSTEMPATH\View\View.php(234): include('D:\\xampp\\htdocs\\ligapremier\\app\\Views\\equipos\\add.php')
 3 SYSTEMPATH\View\View.php(237): CodeIgniter\View\View->CodeIgniter\View\{closure}()
 4 SYSTEMPATH\Common.php(1171): CodeIgniter\View\View->render('equipos/add', [], true)
 5 APPPATH\Controllers\Equipo.php(22): view('equipos/add')
 6 SYSTEMPATH\CodeIgniter.php(933): App\Controllers\Equipo->add()
 7 SYSTEMPATH\CodeIgniter.php(509): CodeIgniter\CodeIgniter->runController(Object(App\Controllers\Equipo))
 8 SYSTEMPATH\CodeIgniter.php(355): CodeIgniter\CodeIgniter->handleRequest(null, Object(Config\Cache), false)
 9 SYSTEMPATH\Boot.php(325): CodeIgniter\CodeIgniter->run()
10 SYSTEMPATH\Boot.php(67): CodeIgniter\Boot::runCodeIgniter(Object(CodeIgniter\CodeIgniter))
11 FCPATH\index.php(56): CodeIgniter\Boot::bootWeb(Object(Config\Paths))
12 SYSTEMPATH\rewrite.php(44): require_once('D:\\xampp\\htdocs\\ligapremier\\public\\index.php')
CRITICAL - 2024-11-12 04:02:29 --> ErrorException: Undefined variable $entrenador
[Method: GET, Route: equipos/add/]
in APPPATH\Views\equipos\add.php on line 13.
 1 APPPATH\Views\equipos\add.php(13): CodeIgniter\Debug\Exceptions->errorHandler(2, 'Undefined variable $entrenador', 'D:\\xampp\\htdocs\\ligapremier\\app\\Views\\equipos\\add.php', 13)
 2 SYSTEMPATH\View\View.php(234): include('D:\\xampp\\htdocs\\ligapremier\\app\\Views\\equipos\\add.php')
 3 SYSTEMPATH\View\View.php(237): CodeIgniter\View\View->CodeIgniter\View\{closure}()
 4 SYSTEMPATH\Common.php(1171): CodeIgniter\View\View->render('equipos/add', [], true)
 5 APPPATH\Controllers\Equipo.php(22): view('equipos/add')
 6 SYSTEMPATH\CodeIgniter.php(933): App\Controllers\Equipo->add()
 7 SYSTEMPATH\CodeIgniter.php(509): CodeIgniter\CodeIgniter->runController(Object(App\Controllers\Equipo))
 8 SYSTEMPATH\CodeIgniter.php(355): CodeIgniter\CodeIgniter->handleRequest(null, Object(Config\Cache), false)
 9 SYSTEMPATH\Boot.php(325): CodeIgniter\CodeIgniter->run()
10 SYSTEMPATH\Boot.php(67): CodeIgniter\Boot::runCodeIgniter(Object(CodeIgniter\CodeIgniter))
11 FCPATH\index.php(56): CodeIgniter\Boot::bootWeb(Object(Config\Paths))
12 SYSTEMPATH\rewrite.php(44): require_once('D:\\xampp\\htdocs\\ligapremier\\public\\index.php')
CRITICAL - 2024-11-12 04:03:59 --> ErrorException: Undefined variable $entrenador
[Method: GET, Route: equipos/add/]
in APPPATH\Views\equipos\add.php on line 13.
 1 APPPATH\Views\equipos\add.php(13): CodeIgniter\Debug\Exceptions->errorHandler(2, 'Undefined variable $entrenador', 'D:\\xampp\\htdocs\\ligapremier\\app\\Views\\equipos\\add.php', 13)
 2 SYSTEMPATH\View\View.php(234): include('D:\\xampp\\htdocs\\ligapremier\\app\\Views\\equipos\\add.php')
 3 SYSTEMPATH\View\View.php(237): CodeIgniter\View\View->CodeIgniter\View\{closure}()
 4 SYSTEMPATH\Common.php(1171): CodeIgniter\View\View->render('equipos/add', [], true)
 5 APPPATH\Controllers\Equipo.php(22): view('equipos/add')
 6 SYSTEMPATH\CodeIgniter.php(933): App\Controllers\Equipo->add()
 7 SYSTEMPATH\CodeIgniter.php(509): CodeIgniter\CodeIgniter->runController(Object(App\Controllers\Equipo))
 8 SYSTEMPATH\CodeIgniter.php(355): CodeIgniter\CodeIgniter->handleRequest(null, Object(Config\Cache), false)
 9 SYSTEMPATH\Boot.php(325): CodeIgniter\CodeIgniter->run()
10 SYSTEMPATH\Boot.php(67): CodeIgniter\Boot::runCodeIgniter(Object(CodeIgniter\CodeIgniter))
11 FCPATH\index.php(56): CodeIgniter\Boot::bootWeb(Object(Config\Paths))
12 SYSTEMPATH\rewrite.php(44): require_once('D:\\xampp\\htdocs\\ligapremier\\public\\index.php')
CRITICAL - 2024-11-12 04:04:50 --> ErrorException: Undefined variable $entrenador
[Method: GET, Route: equipos/add/]
in APPPATH\Views\equipos\add.php on line 13.
 1 APPPATH\Views\equipos\add.php(13): CodeIgniter\Debug\Exceptions->errorHandler(2, 'Undefined variable $entrenador', 'D:\\xampp\\htdocs\\ligapremier\\app\\Views\\equipos\\add.php', 13)
 2 SYSTEMPATH\View\View.php(234): include('D:\\xampp\\htdocs\\ligapremier\\app\\Views\\equipos\\add.php')
 3 SYSTEMPATH\View\View.php(237): CodeIgniter\View\View->CodeIgniter\View\{closure}()
 4 SYSTEMPATH\Common.php(1171): CodeIgniter\View\View->render('equipos/add', [], true)
 5 APPPATH\Controllers\Equipo.php(22): view('equipos/add')
 6 SYSTEMPATH\CodeIgniter.php(933): App\Controllers\Equipo->add()
 7 SYSTEMPATH\CodeIgniter.php(509): CodeIgniter\CodeIgniter->runController(Object(App\Controllers\Equipo))
 8 SYSTEMPATH\CodeIgniter.php(355): CodeIgniter\CodeIgniter->handleRequest(null, Object(Config\Cache), false)
 9 SYSTEMPATH\Boot.php(325): CodeIgniter\CodeIgniter->run()
10 SYSTEMPATH\Boot.php(67): CodeIgniter\Boot::runCodeIgniter(Object(CodeIgniter\CodeIgniter))
11 FCPATH\index.php(56): CodeIgniter\Boot::bootWeb(Object(Config\Paths))
12 SYSTEMPATH\rewrite.php(44): require_once('D:\\xampp\\htdocs\\ligapremier\\public\\index.php')
CRITICAL - 2024-11-12 04:11:10 --> ErrorException: Undefined variable $entrenadores
[Method: GET, Route: equipos/add/]
in APPPATH\Controllers\Equipo.php on line 22.
 1 APPPATH\Controllers\Equipo.php(22): CodeIgniter\Debug\Exceptions->errorHandler(2, 'Undefined variable $entrenadores', 'D:\\xampp\\htdocs\\ligapremier\\app\\Controllers\\Equipo.php', 22)
 2 SYSTEMPATH\CodeIgniter.php(933): App\Controllers\Equipo->add()
 3 SYSTEMPATH\CodeIgniter.php(509): CodeIgniter\CodeIgniter->runController(Object(App\Controllers\Equipo))
 4 SYSTEMPATH\CodeIgniter.php(355): CodeIgniter\CodeIgniter->handleRequest(null, Object(Config\Cache), false)
 5 SYSTEMPATH\Boot.php(325): CodeIgniter\CodeIgniter->run()
 6 SYSTEMPATH\Boot.php(67): CodeIgniter\Boot::runCodeIgniter(Object(CodeIgniter\CodeIgniter))
 7 FCPATH\index.php(56): CodeIgniter\Boot::bootWeb(Object(Config\Paths))
 8 SYSTEMPATH\rewrite.php(44): require_once('D:\\xampp\\htdocs\\ligapremier\\public\\index.php')
CRITICAL - 2024-11-12 04:11:24 --> ErrorException: Undefined variable $entrenador
[Method: GET, Route: equipos/add/]
in APPPATH\Controllers\Equipo.php on line 22.
 1 APPPATH\Controllers\Equipo.php(22): CodeIgniter\Debug\Exceptions->errorHandler(2, 'Undefined variable $entrenador', 'D:\\xampp\\htdocs\\ligapremier\\app\\Controllers\\Equipo.php', 22)
 2 SYSTEMPATH\CodeIgniter.php(933): App\Controllers\Equipo->add()
 3 SYSTEMPATH\CodeIgniter.php(509): CodeIgniter\CodeIgniter->runController(Object(App\Controllers\Equipo))
 4 SYSTEMPATH\CodeIgniter.php(355): CodeIgniter\CodeIgniter->handleRequest(null, Object(Config\Cache), false)
 5 SYSTEMPATH\Boot.php(325): CodeIgniter\CodeIgniter->run()
 6 SYSTEMPATH\Boot.php(67): CodeIgniter\Boot::runCodeIgniter(Object(CodeIgniter\CodeIgniter))
 7 FCPATH\index.php(56): CodeIgniter\Boot::bootWeb(Object(Config\Paths))
 8 SYSTEMPATH\rewrite.php(44): require_once('D:\\xampp\\htdocs\\ligapremier\\public\\index.php')
CRITICAL - 2024-11-12 04:12:58 --> Error: Class "App\Controllers\EntrenadorModel" not found
[Method: GET, Route: equipos/add/]
in APPPATH\Controllers\Equipo.php on line 20.
 1 SYSTEMPATH\CodeIgniter.php(933): App\Controllers\Equipo->add()
 2 SYSTEMPATH\CodeIgniter.php(509): CodeIgniter\CodeIgniter->runController(Object(App\Controllers\Equipo))
 3 SYSTEMPATH\CodeIgniter.php(355): CodeIgniter\CodeIgniter->handleRequest(null, Object(Config\Cache), false)
 4 SYSTEMPATH\Boot.php(325): CodeIgniter\CodeIgniter->run()
 5 SYSTEMPATH\Boot.php(67): CodeIgniter\Boot::runCodeIgniter(Object(CodeIgniter\CodeIgniter))
 6 FCPATH\index.php(56): CodeIgniter\Boot::bootWeb(Object(Config\Paths))
 7 SYSTEMPATH\rewrite.php(44): require_once('D:\\xampp\\htdocs\\ligapremier\\public\\index.php')
CRITICAL - 2024-11-12 04:13:36 --> Error: Class "App\Controllers\EntrenadorM" not found
[Method: GET, Route: equipos/add/]
in APPPATH\Controllers\Equipo.php on line 20.
 1 SYSTEMPATH\CodeIgniter.php(933): App\Controllers\Equipo->add()
 2 SYSTEMPATH\CodeIgniter.php(509): CodeIgniter\CodeIgniter->runController(Object(App\Controllers\Equipo))
 3 SYSTEMPATH\CodeIgniter.php(355): CodeIgniter\CodeIgniter->handleRequest(null, Object(Config\Cache), false)
 4 SYSTEMPATH\Boot.php(325): CodeIgniter\CodeIgniter->run()
 5 SYSTEMPATH\Boot.php(67): CodeIgniter\Boot::runCodeIgniter(Object(CodeIgniter\CodeIgniter))
 6 FCPATH\index.php(56): CodeIgniter\Boot::bootWeb(Object(Config\Paths))
 7 SYSTEMPATH\rewrite.php(44): require_once('D:\\xampp\\htdocs\\ligapremier\\public\\index.php')
CRITICAL - 2024-11-12 04:14:24 --> Error: Call to undefined method App\Controllers\Entrenador::findAll()
[Method: GET, Route: equipos/add/]
in APPPATH\Controllers\Equipo.php on line 23.
 1 SYSTEMPATH\CodeIgniter.php(933): App\Controllers\Equipo->add()
 2 SYSTEMPATH\CodeIgniter.php(509): CodeIgniter\CodeIgniter->runController(Object(App\Controllers\Equipo))
 3 SYSTEMPATH\CodeIgniter.php(355): CodeIgniter\CodeIgniter->handleRequest(null, Object(Config\Cache), false)
 4 SYSTEMPATH\Boot.php(325): CodeIgniter\CodeIgniter->run()
 5 SYSTEMPATH\Boot.php(67): CodeIgniter\Boot::runCodeIgniter(Object(CodeIgniter\CodeIgniter))
 6 FCPATH\index.php(56): CodeIgniter\Boot::bootWeb(Object(Config\Paths))
 7 SYSTEMPATH\rewrite.php(44): require_once('D:\\xampp\\htdocs\\ligapremier\\public\\index.php')
CRITICAL - 2024-11-12 04:14:49 --> ErrorException: Undefined variable $entrenador
[Method: GET, Route: equipos/add/]
in APPPATH\Controllers\Equipo.php on line 23.
 1 APPPATH\Controllers\Equipo.php(23): CodeIgniter\Debug\Exceptions->errorHandler(2, 'Undefined variable $entrenador', 'D:\\xampp\\htdocs\\ligapremier\\app\\Controllers\\Equipo.php', 23)
 2 SYSTEMPATH\CodeIgniter.php(933): App\Controllers\Equipo->add()
 3 SYSTEMPATH\CodeIgniter.php(509): CodeIgniter\CodeIgniter->runController(Object(App\Controllers\Equipo))
 4 SYSTEMPATH\CodeIgniter.php(355): CodeIgniter\CodeIgniter->handleRequest(null, Object(Config\Cache), false)
 5 SYSTEMPATH\Boot.php(325): CodeIgniter\CodeIgniter->run()
 6 SYSTEMPATH\Boot.php(67): CodeIgniter\Boot::runCodeIgniter(Object(CodeIgniter\CodeIgniter))
 7 FCPATH\index.php(56): CodeIgniter\Boot::bootWeb(Object(Config\Paths))
 8 SYSTEMPATH\rewrite.php(44): require_once('D:\\xampp\\htdocs\\ligapremier\\public\\index.php')
CRITICAL - 2024-11-12 04:15:09 --> ErrorException: Undefined variable $entrenador
[Method: GET, Route: equipos/add/]
in APPPATH\Controllers\Equipo.php on line 23.
 1 APPPATH\Controllers\Equipo.php(23): CodeIgniter\Debug\Exceptions->errorHandler(2, 'Undefined variable $entrenador', 'D:\\xampp\\htdocs\\ligapremier\\app\\Controllers\\Equipo.php', 23)
 2 SYSTEMPATH\CodeIgniter.php(933): App\Controllers\Equipo->add()
 3 SYSTEMPATH\CodeIgniter.php(509): CodeIgniter\CodeIgniter->runController(Object(App\Controllers\Equipo))
 4 SYSTEMPATH\CodeIgniter.php(355): CodeIgniter\CodeIgniter->handleRequest(null, Object(Config\Cache), false)
 5 SYSTEMPATH\Boot.php(325): CodeIgniter\CodeIgniter->run()
 6 SYSTEMPATH\Boot.php(67): CodeIgniter\Boot::runCodeIgniter(Object(CodeIgniter\CodeIgniter))
 7 FCPATH\index.php(56): CodeIgniter\Boot::bootWeb(Object(Config\Paths))
 8 SYSTEMPATH\rewrite.php(44): require_once('D:\\xampp\\htdocs\\ligapremier\\public\\index.php')
CRITICAL - 2024-11-12 04:27:44 --> ErrorException: Undefined variable $entrenador
[Method: GET, Route: equipos/add/]
in APPPATH\Views\equipos\add.php on line 13.
 1 APPPATH\Views\equipos\add.php(13): CodeIgniter\Debug\Exceptions->errorHandler(2, 'Undefined variable $entrenador', 'D:\\xampp\\htdocs\\ligapremier\\app\\Views\\equipos\\add.php', 13)
 2 SYSTEMPATH\View\View.php(234): include('D:\\xampp\\htdocs\\ligapremier\\app\\Views\\equipos\\add.php')
 3 SYSTEMPATH\View\View.php(237): CodeIgniter\View\View->CodeIgniter\View\{closure}()
 4 SYSTEMPATH\Common.php(1171): CodeIgniter\View\View->render('equipos/add', [], true)
 5 APPPATH\Controllers\Equipo.php(22): view('equipos/add')
 6 SYSTEMPATH\CodeIgniter.php(933): App\Controllers\Equipo->add()
 7 SYSTEMPATH\CodeIgniter.php(509): CodeIgniter\CodeIgniter->runController(Object(App\Controllers\Equipo))
 8 SYSTEMPATH\CodeIgniter.php(355): CodeIgniter\CodeIgniter->handleRequest(null, Object(Config\Cache), false)
 9 SYSTEMPATH\Boot.php(325): CodeIgniter\CodeIgniter->run()
10 SYSTEMPATH\Boot.php(67): CodeIgniter\Boot::runCodeIgniter(Object(CodeIgniter\CodeIgniter))
11 FCPATH\index.php(56): CodeIgniter\Boot::bootWeb(Object(Config\Paths))
12 SYSTEMPATH\rewrite.php(44): require_once('D:\\xampp\\htdocs\\ligapremier\\public\\index.php')
CRITICAL - 2024-11-12 05:25:07 --> ErrorException: Undefined variable $entrenador
[Method: GET, Route: equipos/add/]
in APPPATH\Views\equipos\add.php on line 13.
 1 APPPATH\Views\equipos\add.php(13): CodeIgniter\Debug\Exceptions->errorHandler(2, 'Undefined variable $entrenador', 'D:\\xampp\\htdocs\\ligapremier\\app\\Views\\equipos\\add.php', 13)
 2 SYSTEMPATH\View\View.php(234): include('D:\\xampp\\htdocs\\ligapremier\\app\\Views\\equipos\\add.php')
 3 SYSTEMPATH\View\View.php(237): CodeIgniter\View\View->CodeIgniter\View\{closure}()
 4 SYSTEMPATH\Common.php(1171): CodeIgniter\View\View->render('equipos/add', [], true)
 5 APPPATH\Controllers\Equipo.php(22): view('equipos/add')
 6 SYSTEMPATH\CodeIgniter.php(933): App\Controllers\Equipo->add()
 7 SYSTEMPATH\CodeIgniter.php(509): CodeIgniter\CodeIgniter->runController(Object(App\Controllers\Equipo))
 8 SYSTEMPATH\CodeIgniter.php(355): CodeIgniter\CodeIgniter->handleRequest(null, Object(Config\Cache), false)
 9 SYSTEMPATH\Boot.php(325): CodeIgniter\CodeIgniter->run()
10 SYSTEMPATH\Boot.php(67): CodeIgniter\Boot::runCodeIgniter(Object(CodeIgniter\CodeIgniter))
11 FCPATH\index.php(56): CodeIgniter\Boot::bootWeb(Object(Config\Paths))
12 SYSTEMPATH\rewrite.php(44): require_once('D:\\xampp\\htdocs\\ligapremier\\public\\index.php')
ERROR - 2024-11-12 19:12:22 --> Error connecting to the database: mysqli_sql_exception: No se puede establecer una conexión ya que el equipo de destino denegó expresamente dicha conexión in D:\xampp\htdocs\ligapremier\system\Database\MySQLi\Connection.php:186
Stack trace:
#0 D:\xampp\htdocs\ligapremier\system\Database\MySQLi\Connection.php(186): mysqli->real_connect('127.0.0.1', 'root', Object(SensitiveParameterValue), 'ligapremier', 3306, '', 0)
#1 D:\xampp\htdocs\ligapremier\system\Database\BaseConnection.php(421): CodeIgniter\Database\MySQLi\Connection->connect(false)
#2 D:\xampp\htdocs\ligapremier\system\Database\BaseConnection.php(616): CodeIgniter\Database\BaseConnection->initialize()
#3 D:\xampp\htdocs\ligapremier\system\Database\BaseBuilder.php(1644): CodeIgniter\Database\BaseConnection->query('SELECT *\nFROM `...', Array, false)
#4 D:\xampp\htdocs\ligapremier\system\Model.php(286): CodeIgniter\Database\BaseBuilder->get()
#5 D:\xampp\htdocs\ligapremier\system\BaseModel.php(676): CodeIgniter\Model->doFindAll(0, 0)
#6 D:\xampp\htdocs\ligapremier\app\Controllers\Equipo.php(12): CodeIgniter\BaseModel->findAll()
#7 D:\xampp\htdocs\ligapremier\system\CodeIgniter.php(933): App\Controllers\Equipo->index()
#8 D:\xampp\htdocs\ligapremier\system\CodeIgniter.php(509): CodeIgniter\CodeIgniter->runController(Object(App\Controllers\Equipo))
#9 D:\xampp\htdocs\ligapremier\system\CodeIgniter.php(355): CodeIgniter\CodeIgniter->handleRequest(NULL, Object(Config\Cache), false)
#10 D:\xampp\htdocs\ligapremier\system\Boot.php(325): CodeIgniter\CodeIgniter->run()
#11 D:\xampp\htdocs\ligapremier\system\Boot.php(67): CodeIgniter\Boot::runCodeIgniter(Object(CodeIgniter\CodeIgniter))
#12 D:\xampp\htdocs\ligapremier\public\index.php(56): CodeIgniter\Boot::bootWeb(Object(Config\Paths))
#13 D:\xampp\htdocs\ligapremier\system\rewrite.php(44): require_once('D:\\xampp\\htdocs...')
#14 {main}

Next CodeIgniter\Database\Exceptions\DatabaseException: No se puede establecer una conexión ya que el equipo de destino denegó expresamente dicha conexión in D:\xampp\htdocs\ligapremier\system\Database\MySQLi\Connection.php:231
Stack trace:
#0 D:\xampp\htdocs\ligapremier\system\Database\BaseConnection.php(421): CodeIgniter\Database\MySQLi\Connection->connect(false)
#1 D:\xampp\htdocs\ligapremier\system\Database\BaseConnection.php(616): CodeIgniter\Database\BaseConnection->initialize()
#2 D:\xampp\htdocs\ligapremier\system\Database\BaseBuilder.php(1644): CodeIgniter\Database\BaseConnection->query('SELECT *\nFROM `...', Array, false)
#3 D:\xampp\htdocs\ligapremier\system\Model.php(286): CodeIgniter\Database\BaseBuilder->get()
#4 D:\xampp\htdocs\ligapremier\system\BaseModel.php(676): CodeIgniter\Model->doFindAll(0, 0)
#5 D:\xampp\htdocs\ligapremier\app\Controllers\Equipo.php(12): CodeIgniter\BaseModel->findAll()
#6 D:\xampp\htdocs\ligapremier\system\CodeIgniter.php(933): App\Controllers\Equipo->index()
#7 D:\xampp\htdocs\ligapremier\system\CodeIgniter.php(509): CodeIgniter\CodeIgniter->runController(Object(App\Controllers\Equipo))
#8 D:\xampp\htdocs\ligapremier\system\CodeIgniter.php(355): CodeIgniter\CodeIgniter->handleRequest(NULL, Object(Config\Cache), false)
#9 D:\xampp\htdocs\ligapremier\system\Boot.php(325): CodeIgniter\CodeIgniter->run()
#10 D:\xampp\htdocs\ligapremier\system\Boot.php(67): CodeIgniter\Boot::runCodeIgniter(Object(CodeIgniter\CodeIgniter))
#11 D:\xampp\htdocs\ligapremier\public\index.php(56): CodeIgniter\Boot::bootWeb(Object(Config\Paths))
#12 D:\xampp\htdocs\ligapremier\system\rewrite.php(44): require_once('D:\\xampp\\htdocs...')
#13 {main}
CRITICAL - 2024-11-12 19:12:22 --> CodeIgniter\Database\Exceptions\DatabaseException: Unable to connect to the database.
Main connection [MySQLi]: No se puede establecer una conexión ya que el equipo de destino denegó expresamente dicha conexión
[Method: GET, Route: equipos]
in SYSTEMPATH\Database\BaseConnection.php on line 467.
 1 SYSTEMPATH\Database\BaseConnection.php(616): CodeIgniter\Database\BaseConnection->initialize()
 2 SYSTEMPATH\Database\BaseBuilder.php(1644): CodeIgniter\Database\BaseConnection->query('SELECT *
FROM `equipo`', [], false)
 3 SYSTEMPATH\Model.php(286): CodeIgniter\Database\BaseBuilder->get()
 4 SYSTEMPATH\BaseModel.php(676): CodeIgniter\Model->doFindAll(0, 0)
 5 APPPATH\Controllers\Equipo.php(12): CodeIgniter\BaseModel->findAll()
 6 SYSTEMPATH\CodeIgniter.php(933): App\Controllers\Equipo->index()
 7 SYSTEMPATH\CodeIgniter.php(509): CodeIgniter\CodeIgniter->runController(Object(App\Controllers\Equipo))
 8 SYSTEMPATH\CodeIgniter.php(355): CodeIgniter\CodeIgniter->handleRequest(null, Object(Config\Cache), false)
 9 SYSTEMPATH\Boot.php(325): CodeIgniter\CodeIgniter->run()
10 SYSTEMPATH\Boot.php(67): CodeIgniter\Boot::runCodeIgniter(Object(CodeIgniter\CodeIgniter))
11 FCPATH\index.php(56): CodeIgniter\Boot::bootWeb(Object(Config\Paths))
12 SYSTEMPATH\rewrite.php(44): require_once('D:\\xampp\\htdocs\\ligapremier\\public\\index.php')
CRITICAL - 2024-11-12 19:12:37 --> ErrorException: Undefined variable $db
[Method: GET, Route: equipos/add/]
in APPPATH\Models\EquipoM.php on line 45.
 1 APPPATH\Models\EquipoM.php(45): CodeIgniter\Debug\Exceptions->errorHandler(2, 'Undefined variable $db', 'D:\\xampp\\htdocs\\ligapremier\\app\\Models\\EquipoM.php', 45)
 2 APPPATH\Controllers\Equipo.php(22): App\Models\EquipoM->getEntrenador()
 3 SYSTEMPATH\CodeIgniter.php(933): App\Controllers\Equipo->add()
 4 SYSTEMPATH\CodeIgniter.php(509): CodeIgniter\CodeIgniter->runController(Object(App\Controllers\Equipo))
 5 SYSTEMPATH\CodeIgniter.php(355): CodeIgniter\CodeIgniter->handleRequest(null, Object(Config\Cache), false)
 6 SYSTEMPATH\Boot.php(325): CodeIgniter\CodeIgniter->run()
 7 SYSTEMPATH\Boot.php(67): CodeIgniter\Boot::runCodeIgniter(Object(CodeIgniter\CodeIgniter))
 8 FCPATH\index.php(56): CodeIgniter\Boot::bootWeb(Object(Config\Paths))
 9 SYSTEMPATH\rewrite.php(44): require_once('D:\\xampp\\htdocs\\ligapremier\\public\\index.php')
