CRITICAL - 2024-10-01 19:05:46 --> ParseError: syntax error, unexpected token "}", expecting ";"
[Method: GET, Route: canchas]
in APPPATH\Controllers\Canchas.php on line 17.
 1 SYSTEMPATH\Autoloader\Autoloader.php(296): CodeIgniter\Autoloader\Autoloader->includeFile('D:\\xampp\\htdocs\\ligapremier\\app\\Controllers\\Canchas.php')
 2 SYSTEMPATH\Autoloader\Autoloader.php(272): CodeIgniter\Autoloader\Autoloader->loadInNamespace('App\\Controllers\\Canchas')
 3 [internal function]: CodeIgniter\Autoloader\Autoloader->loadClass('App\\Controllers\\Canchas')
 4 SYSTEMPATH\CodeIgniter.php(887): class_exists('\\App\\Controllers\\Canchas', true)
 5 SYSTEMPATH\CodeIgniter.php(496): CodeIgniter\CodeIgniter->startController()
 6 SYSTEMPATH\CodeIgniter.php(355): CodeIgniter\CodeIgniter->handleRequest(null, Object(Config\Cache), false)
 7 SYSTEMPATH\Boot.php(325): CodeIgniter\CodeIgniter->run()
 8 SYSTEMPATH\Boot.php(67): CodeIgniter\Boot::runCodeIgniter(Object(CodeIgniter\CodeIgniter))
 9 FCPATH\index.php(56): CodeIgniter\Boot::bootWeb(Object(Config\Paths))
10 SYSTEMPATH\rewrite.php(44): require_once('D:\\xampp\\htdocs\\ligapremier\\public\\index.php')
CRITICAL - 2024-10-01 19:05:47 --> ParseError: syntax error, unexpected token "}", expecting ";"
[Method: GET, Route: canchas]
in APPPATH\Controllers\Canchas.php on line 17.
 1 SYSTEMPATH\Autoloader\Autoloader.php(296): CodeIgniter\Autoloader\Autoloader->includeFile('D:\\xampp\\htdocs\\ligapremier\\app\\Controllers\\Canchas.php')
 2 SYSTEMPATH\Autoloader\Autoloader.php(272): CodeIgniter\Autoloader\Autoloader->loadInNamespace('App\\Controllers\\Canchas')
 3 [internal function]: CodeIgniter\Autoloader\Autoloader->loadClass('App\\Controllers\\Canchas')
 4 SYSTEMPATH\CodeIgniter.php(887): class_exists('\\App\\Controllers\\Canchas', true)
 5 SYSTEMPATH\CodeIgniter.php(496): CodeIgniter\CodeIgniter->startController()
 6 SYSTEMPATH\CodeIgniter.php(355): CodeIgniter\CodeIgniter->handleRequest(null, Object(Config\Cache), false)
 7 SYSTEMPATH\Boot.php(325): CodeIgniter\CodeIgniter->run()
 8 SYSTEMPATH\Boot.php(67): CodeIgniter\Boot::runCodeIgniter(Object(CodeIgniter\CodeIgniter))
 9 FCPATH\index.php(56): CodeIgniter\Boot::bootWeb(Object(Config\Paths))
10 SYSTEMPATH\rewrite.php(44): require_once('D:\\xampp\\htdocs\\ligapremier\\public\\index.php')
CRITICAL - 2024-10-01 19:07:33 --> ParseError: syntax error, unexpected identifier "view", expecting ";"
[Method: GET, Route: canchas]
in APPPATH\Controllers\Canchas.php on line 16.
 1 SYSTEMPATH\Autoloader\Autoloader.php(296): CodeIgniter\Autoloader\Autoloader->includeFile('D:\\xampp\\htdocs\\ligapremier\\app\\Controllers\\Canchas.php')
 2 SYSTEMPATH\Autoloader\Autoloader.php(272): CodeIgniter\Autoloader\Autoloader->loadInNamespace('App\\Controllers\\Canchas')
 3 [internal function]: CodeIgniter\Autoloader\Autoloader->loadClass('App\\Controllers\\Canchas')
 4 SYSTEMPATH\CodeIgniter.php(887): class_exists('\\App\\Controllers\\Canchas', true)
 5 SYSTEMPATH\CodeIgniter.php(496): CodeIgniter\CodeIgniter->startController()
 6 SYSTEMPATH\CodeIgniter.php(355): CodeIgniter\CodeIgniter->handleRequest(null, Object(Config\Cache), false)
 7 SYSTEMPATH\Boot.php(325): CodeIgniter\CodeIgniter->run()
 8 SYSTEMPATH\Boot.php(67): CodeIgniter\Boot::runCodeIgniter(Object(CodeIgniter\CodeIgniter))
 9 FCPATH\index.php(56): CodeIgniter\Boot::bootWeb(Object(Config\Paths))
10 SYSTEMPATH\rewrite.php(44): require_once('D:\\xampp\\htdocs\\ligapremier\\public\\index.php')
CRITICAL - 2024-10-01 19:07:35 --> ParseError: syntax error, unexpected identifier "view", expecting ";"
[Method: GET, Route: canchas]
in APPPATH\Controllers\Canchas.php on line 16.
 1 SYSTEMPATH\Autoloader\Autoloader.php(296): CodeIgniter\Autoloader\Autoloader->includeFile('D:\\xampp\\htdocs\\ligapremier\\app\\Controllers\\Canchas.php')
 2 SYSTEMPATH\Autoloader\Autoloader.php(272): CodeIgniter\Autoloader\Autoloader->loadInNamespace('App\\Controllers\\Canchas')
 3 [internal function]: CodeIgniter\Autoloader\Autoloader->loadClass('App\\Controllers\\Canchas')
 4 SYSTEMPATH\CodeIgniter.php(887): class_exists('\\App\\Controllers\\Canchas', true)
 5 SYSTEMPATH\CodeIgniter.php(496): CodeIgniter\CodeIgniter->startController()
 6 SYSTEMPATH\CodeIgniter.php(355): CodeIgniter\CodeIgniter->handleRequest(null, Object(Config\Cache), false)
 7 SYSTEMPATH\Boot.php(325): CodeIgniter\CodeIgniter->run()
 8 SYSTEMPATH\Boot.php(67): CodeIgniter\Boot::runCodeIgniter(Object(CodeIgniter\CodeIgniter))
 9 FCPATH\index.php(56): CodeIgniter\Boot::bootWeb(Object(Config\Paths))
10 SYSTEMPATH\rewrite.php(44): require_once('D:\\xampp\\htdocs\\ligapremier\\public\\index.php')
CRITICAL - 2024-10-01 19:07:35 --> ParseError: syntax error, unexpected identifier "view", expecting ";"
[Method: GET, Route: canchas]
in APPPATH\Controllers\Canchas.php on line 16.
 1 SYSTEMPATH\Autoloader\Autoloader.php(296): CodeIgniter\Autoloader\Autoloader->includeFile('D:\\xampp\\htdocs\\ligapremier\\app\\Controllers\\Canchas.php')
 2 SYSTEMPATH\Autoloader\Autoloader.php(272): CodeIgniter\Autoloader\Autoloader->loadInNamespace('App\\Controllers\\Canchas')
 3 [internal function]: CodeIgniter\Autoloader\Autoloader->loadClass('App\\Controllers\\Canchas')
 4 SYSTEMPATH\CodeIgniter.php(887): class_exists('\\App\\Controllers\\Canchas', true)
 5 SYSTEMPATH\CodeIgniter.php(496): CodeIgniter\CodeIgniter->startController()
 6 SYSTEMPATH\CodeIgniter.php(355): CodeIgniter\CodeIgniter->handleRequest(null, Object(Config\Cache), false)
 7 SYSTEMPATH\Boot.php(325): CodeIgniter\CodeIgniter->run()
 8 SYSTEMPATH\Boot.php(67): CodeIgniter\Boot::runCodeIgniter(Object(CodeIgniter\CodeIgniter))
 9 FCPATH\index.php(56): CodeIgniter\Boot::bootWeb(Object(Config\Paths))
10 SYSTEMPATH\rewrite.php(44): require_once('D:\\xampp\\htdocs\\ligapremier\\public\\index.php')
CRITICAL - 2024-10-01 19:07:35 --> ParseError: syntax error, unexpected identifier "view", expecting ";"
[Method: GET, Route: canchas]
in APPPATH\Controllers\Canchas.php on line 16.
 1 SYSTEMPATH\Autoloader\Autoloader.php(296): CodeIgniter\Autoloader\Autoloader->includeFile('D:\\xampp\\htdocs\\ligapremier\\app\\Controllers\\Canchas.php')
 2 SYSTEMPATH\Autoloader\Autoloader.php(272): CodeIgniter\Autoloader\Autoloader->loadInNamespace('App\\Controllers\\Canchas')
 3 [internal function]: CodeIgniter\Autoloader\Autoloader->loadClass('App\\Controllers\\Canchas')
 4 SYSTEMPATH\CodeIgniter.php(887): class_exists('\\App\\Controllers\\Canchas', true)
 5 SYSTEMPATH\CodeIgniter.php(496): CodeIgniter\CodeIgniter->startController()
 6 SYSTEMPATH\CodeIgniter.php(355): CodeIgniter\CodeIgniter->handleRequest(null, Object(Config\Cache), false)
 7 SYSTEMPATH\Boot.php(325): CodeIgniter\CodeIgniter->run()
 8 SYSTEMPATH\Boot.php(67): CodeIgniter\Boot::runCodeIgniter(Object(CodeIgniter\CodeIgniter))
 9 FCPATH\index.php(56): CodeIgniter\Boot::bootWeb(Object(Config\Paths))
10 SYSTEMPATH\rewrite.php(44): require_once('D:\\xampp\\htdocs\\ligapremier\\public\\index.php')
CRITICAL - 2024-10-01 19:07:36 --> ParseError: syntax error, unexpected identifier "view", expecting ";"
[Method: GET, Route: canchas]
in APPPATH\Controllers\Canchas.php on line 16.
 1 SYSTEMPATH\Autoloader\Autoloader.php(296): CodeIgniter\Autoloader\Autoloader->includeFile('D:\\xampp\\htdocs\\ligapremier\\app\\Controllers\\Canchas.php')
 2 SYSTEMPATH\Autoloader\Autoloader.php(272): CodeIgniter\Autoloader\Autoloader->loadInNamespace('App\\Controllers\\Canchas')
 3 [internal function]: CodeIgniter\Autoloader\Autoloader->loadClass('App\\Controllers\\Canchas')
 4 SYSTEMPATH\CodeIgniter.php(887): class_exists('\\App\\Controllers\\Canchas', true)
 5 SYSTEMPATH\CodeIgniter.php(496): CodeIgniter\CodeIgniter->startController()
 6 SYSTEMPATH\CodeIgniter.php(355): CodeIgniter\CodeIgniter->handleRequest(null, Object(Config\Cache), false)
 7 SYSTEMPATH\Boot.php(325): CodeIgniter\CodeIgniter->run()
 8 SYSTEMPATH\Boot.php(67): CodeIgniter\Boot::runCodeIgniter(Object(CodeIgniter\CodeIgniter))
 9 FCPATH\index.php(56): CodeIgniter\Boot::bootWeb(Object(Config\Paths))
10 SYSTEMPATH\rewrite.php(44): require_once('D:\\xampp\\htdocs\\ligapremier\\public\\index.php')
CRITICAL - 2024-10-01 19:07:36 --> ParseError: syntax error, unexpected identifier "view", expecting ";"
[Method: GET, Route: canchas]
in APPPATH\Controllers\Canchas.php on line 16.
 1 SYSTEMPATH\Autoloader\Autoloader.php(296): CodeIgniter\Autoloader\Autoloader->includeFile('D:\\xampp\\htdocs\\ligapremier\\app\\Controllers\\Canchas.php')
 2 SYSTEMPATH\Autoloader\Autoloader.php(272): CodeIgniter\Autoloader\Autoloader->loadInNamespace('App\\Controllers\\Canchas')
 3 [internal function]: CodeIgniter\Autoloader\Autoloader->loadClass('App\\Controllers\\Canchas')
 4 SYSTEMPATH\CodeIgniter.php(887): class_exists('\\App\\Controllers\\Canchas', true)
 5 SYSTEMPATH\CodeIgniter.php(496): CodeIgniter\CodeIgniter->startController()
 6 SYSTEMPATH\CodeIgniter.php(355): CodeIgniter\CodeIgniter->handleRequest(null, Object(Config\Cache), false)
 7 SYSTEMPATH\Boot.php(325): CodeIgniter\CodeIgniter->run()
 8 SYSTEMPATH\Boot.php(67): CodeIgniter\Boot::runCodeIgniter(Object(CodeIgniter\CodeIgniter))
 9 FCPATH\index.php(56): CodeIgniter\Boot::bootWeb(Object(Config\Paths))
10 SYSTEMPATH\rewrite.php(44): require_once('D:\\xampp\\htdocs\\ligapremier\\public\\index.php')
CRITICAL - 2024-10-01 19:08:58 --> ErrorException: Undefined variable $jugador
[Method: GET, Route: canchas]
in APPPATH\Views\JugadorView.php on line 6.
 1 APPPATH\Views\JugadorView.php(6): CodeIgniter\Debug\Exceptions->errorHandler(2, 'Undefined variable $jugador', 'D:\\xampp\\htdocs\\ligapremier\\app\\Views\\JugadorView.php', 6)
 2 SYSTEMPATH\View\View.php(234): include('D:\\xampp\\htdocs\\ligapremier\\app\\Views\\JugadorView.php')
 3 SYSTEMPATH\View\View.php(237): CodeIgniter\View\View->CodeIgniter\View\{closure}()
 4 SYSTEMPATH\Common.php(1171): CodeIgniter\View\View->render('JugadorView', [], true)
 5 APPPATH\Controllers\Canchas.php(16): view('JugadorView')
 6 SYSTEMPATH\CodeIgniter.php(933): App\Controllers\Canchas->index()
 7 SYSTEMPATH\CodeIgniter.php(509): CodeIgniter\CodeIgniter->runController(Object(App\Controllers\Canchas))
 8 SYSTEMPATH\CodeIgniter.php(355): CodeIgniter\CodeIgniter->handleRequest(null, Object(Config\Cache), false)
 9 SYSTEMPATH\Boot.php(325): CodeIgniter\CodeIgniter->run()
10 SYSTEMPATH\Boot.php(67): CodeIgniter\Boot::runCodeIgniter(Object(CodeIgniter\CodeIgniter))
11 FCPATH\index.php(56): CodeIgniter\Boot::bootWeb(Object(Config\Paths))
12 SYSTEMPATH\rewrite.php(44): require_once('D:\\xampp\\htdocs\\ligapremier\\public\\index.php')
CRITICAL - 2024-10-01 19:08:59 --> ErrorException: Undefined variable $jugador
[Method: GET, Route: canchas]
in APPPATH\Views\JugadorView.php on line 6.
 1 APPPATH\Views\JugadorView.php(6): CodeIgniter\Debug\Exceptions->errorHandler(2, 'Undefined variable $jugador', 'D:\\xampp\\htdocs\\ligapremier\\app\\Views\\JugadorView.php', 6)
 2 SYSTEMPATH\View\View.php(234): include('D:\\xampp\\htdocs\\ligapremier\\app\\Views\\JugadorView.php')
 3 SYSTEMPATH\View\View.php(237): CodeIgniter\View\View->CodeIgniter\View\{closure}()
 4 SYSTEMPATH\Common.php(1171): CodeIgniter\View\View->render('JugadorView', [], true)
 5 APPPATH\Controllers\Canchas.php(16): view('JugadorView')
 6 SYSTEMPATH\CodeIgniter.php(933): App\Controllers\Canchas->index()
 7 SYSTEMPATH\CodeIgniter.php(509): CodeIgniter\CodeIgniter->runController(Object(App\Controllers\Canchas))
 8 SYSTEMPATH\CodeIgniter.php(355): CodeIgniter\CodeIgniter->handleRequest(null, Object(Config\Cache), false)
 9 SYSTEMPATH\Boot.php(325): CodeIgniter\CodeIgniter->run()
10 SYSTEMPATH\Boot.php(67): CodeIgniter\Boot::runCodeIgniter(Object(CodeIgniter\CodeIgniter))
11 FCPATH\index.php(56): CodeIgniter\Boot::bootWeb(Object(Config\Paths))
12 SYSTEMPATH\rewrite.php(44): require_once('D:\\xampp\\htdocs\\ligapremier\\public\\index.php')
CRITICAL - 2024-10-01 19:08:59 --> ErrorException: Undefined variable $jugador
[Method: GET, Route: canchas]
in APPPATH\Views\JugadorView.php on line 6.
 1 APPPATH\Views\JugadorView.php(6): CodeIgniter\Debug\Exceptions->errorHandler(2, 'Undefined variable $jugador', 'D:\\xampp\\htdocs\\ligapremier\\app\\Views\\JugadorView.php', 6)
 2 SYSTEMPATH\View\View.php(234): include('D:\\xampp\\htdocs\\ligapremier\\app\\Views\\JugadorView.php')
 3 SYSTEMPATH\View\View.php(237): CodeIgniter\View\View->CodeIgniter\View\{closure}()
 4 SYSTEMPATH\Common.php(1171): CodeIgniter\View\View->render('JugadorView', [], true)
 5 APPPATH\Controllers\Canchas.php(16): view('JugadorView')
 6 SYSTEMPATH\CodeIgniter.php(933): App\Controllers\Canchas->index()
 7 SYSTEMPATH\CodeIgniter.php(509): CodeIgniter\CodeIgniter->runController(Object(App\Controllers\Canchas))
 8 SYSTEMPATH\CodeIgniter.php(355): CodeIgniter\CodeIgniter->handleRequest(null, Object(Config\Cache), false)
 9 SYSTEMPATH\Boot.php(325): CodeIgniter\CodeIgniter->run()
10 SYSTEMPATH\Boot.php(67): CodeIgniter\Boot::runCodeIgniter(Object(CodeIgniter\CodeIgniter))
11 FCPATH\index.php(56): CodeIgniter\Boot::bootWeb(Object(Config\Paths))
12 SYSTEMPATH\rewrite.php(44): require_once('D:\\xampp\\htdocs\\ligapremier\\public\\index.php')
CRITICAL - 2024-10-01 19:08:59 --> ErrorException: Undefined variable $jugador
[Method: GET, Route: canchas]
in APPPATH\Views\JugadorView.php on line 6.
 1 APPPATH\Views\JugadorView.php(6): CodeIgniter\Debug\Exceptions->errorHandler(2, 'Undefined variable $jugador', 'D:\\xampp\\htdocs\\ligapremier\\app\\Views\\JugadorView.php', 6)
 2 SYSTEMPATH\View\View.php(234): include('D:\\xampp\\htdocs\\ligapremier\\app\\Views\\JugadorView.php')
 3 SYSTEMPATH\View\View.php(237): CodeIgniter\View\View->CodeIgniter\View\{closure}()
 4 SYSTEMPATH\Common.php(1171): CodeIgniter\View\View->render('JugadorView', [], true)
 5 APPPATH\Controllers\Canchas.php(16): view('JugadorView')
 6 SYSTEMPATH\CodeIgniter.php(933): App\Controllers\Canchas->index()
 7 SYSTEMPATH\CodeIgniter.php(509): CodeIgniter\CodeIgniter->runController(Object(App\Controllers\Canchas))
 8 SYSTEMPATH\CodeIgniter.php(355): CodeIgniter\CodeIgniter->handleRequest(null, Object(Config\Cache), false)
 9 SYSTEMPATH\Boot.php(325): CodeIgniter\CodeIgniter->run()
10 SYSTEMPATH\Boot.php(67): CodeIgniter\Boot::runCodeIgniter(Object(CodeIgniter\CodeIgniter))
11 FCPATH\index.php(56): CodeIgniter\Boot::bootWeb(Object(Config\Paths))
12 SYSTEMPATH\rewrite.php(44): require_once('D:\\xampp\\htdocs\\ligapremier\\public\\index.php')
CRITICAL - 2024-10-01 19:09:00 --> ErrorException: Undefined variable $jugador
[Method: GET, Route: canchas]
in APPPATH\Views\JugadorView.php on line 6.
 1 APPPATH\Views\JugadorView.php(6): CodeIgniter\Debug\Exceptions->errorHandler(2, 'Undefined variable $jugador', 'D:\\xampp\\htdocs\\ligapremier\\app\\Views\\JugadorView.php', 6)
 2 SYSTEMPATH\View\View.php(234): include('D:\\xampp\\htdocs\\ligapremier\\app\\Views\\JugadorView.php')
 3 SYSTEMPATH\View\View.php(237): CodeIgniter\View\View->CodeIgniter\View\{closure}()
 4 SYSTEMPATH\Common.php(1171): CodeIgniter\View\View->render('JugadorView', [], true)
 5 APPPATH\Controllers\Canchas.php(16): view('JugadorView')
 6 SYSTEMPATH\CodeIgniter.php(933): App\Controllers\Canchas->index()
 7 SYSTEMPATH\CodeIgniter.php(509): CodeIgniter\CodeIgniter->runController(Object(App\Controllers\Canchas))
 8 SYSTEMPATH\CodeIgniter.php(355): CodeIgniter\CodeIgniter->handleRequest(null, Object(Config\Cache), false)
 9 SYSTEMPATH\Boot.php(325): CodeIgniter\CodeIgniter->run()
10 SYSTEMPATH\Boot.php(67): CodeIgniter\Boot::runCodeIgniter(Object(CodeIgniter\CodeIgniter))
11 FCPATH\index.php(56): CodeIgniter\Boot::bootWeb(Object(Config\Paths))
12 SYSTEMPATH\rewrite.php(44): require_once('D:\\xampp\\htdocs\\ligapremier\\public\\index.php')
CRITICAL - 2024-10-01 19:09:00 --> ErrorException: Undefined variable $jugador
[Method: GET, Route: canchas]
in APPPATH\Views\JugadorView.php on line 6.
 1 APPPATH\Views\JugadorView.php(6): CodeIgniter\Debug\Exceptions->errorHandler(2, 'Undefined variable $jugador', 'D:\\xampp\\htdocs\\ligapremier\\app\\Views\\JugadorView.php', 6)
 2 SYSTEMPATH\View\View.php(234): include('D:\\xampp\\htdocs\\ligapremier\\app\\Views\\JugadorView.php')
 3 SYSTEMPATH\View\View.php(237): CodeIgniter\View\View->CodeIgniter\View\{closure}()
 4 SYSTEMPATH\Common.php(1171): CodeIgniter\View\View->render('JugadorView', [], true)
 5 APPPATH\Controllers\Canchas.php(16): view('JugadorView')
 6 SYSTEMPATH\CodeIgniter.php(933): App\Controllers\Canchas->index()
 7 SYSTEMPATH\CodeIgniter.php(509): CodeIgniter\CodeIgniter->runController(Object(App\Controllers\Canchas))
 8 SYSTEMPATH\CodeIgniter.php(355): CodeIgniter\CodeIgniter->handleRequest(null, Object(Config\Cache), false)
 9 SYSTEMPATH\Boot.php(325): CodeIgniter\CodeIgniter->run()
10 SYSTEMPATH\Boot.php(67): CodeIgniter\Boot::runCodeIgniter(Object(CodeIgniter\CodeIgniter))
11 FCPATH\index.php(56): CodeIgniter\Boot::bootWeb(Object(Config\Paths))
12 SYSTEMPATH\rewrite.php(44): require_once('D:\\xampp\\htdocs\\ligapremier\\public\\index.php')
